\BOOKMARK [0][-]{chapter.1}{\376\377\000I\000n\000t\000r\000o\000d\000u\000c\000e\000r\000e}{}% 1
\BOOKMARK [0][-]{chapter.2}{\376\377\000M\000e\000t\000o\000d\000e\000\040\000d\000e\000\040\000l\000o\000c\000a\000l\000i\000z\000a\000r\000e\000\040\000a\000\040\000o\000b\000i\000e\000c\000t\000e\000l\000o\000r}{}% 2
\BOOKMARK [1][-]{subsection.2.0.1}{\376\377\000M\000e\000t\000o\000d\000e\000\040\000b\000a\000z\000a\000t\000e\000\040\000p\000e\000\040\000c\000a\000r\000a\000c\000t\000e\000r\000i\000s\000t\000i\000c\000i\000\040\000c\000r\000o\000m\000a\000t\000i\000c\000e}{chapter.2}% 3
\BOOKMARK [2][-]{subsection.2.0.2}{\376\377\000M\000e\000t\000o\000d\000e\000\040\000b\000a\000z\000a\000t\000e\000\040\000p\000e\000\040\000c\000o\000n\000t\000u\000r\000u\000l\000\040\000o\000b\000i\000e\000c\000t\000e\000l\000o\000r}{subsection.2.0.1}% 4
\BOOKMARK [2][-]{subsection.2.0.3}{\376\377\000M\000e\000t\000o\000d\000e\000\040\000b\000a\000z\000a\000t\000e\000\040\000p\000e\000\040\000t\000e\000x\000t\000u\000r\000a\000\040\000o\000b\000i\000e\000c\000t\000e\000l\000o\000r}{subsection.2.0.1}% 5
\BOOKMARK [0][-]{chapter.3}{\376\377\000S\000e\000g\000m\000e\000n\000t\000a\000r\000e\000a\000\040\000i\000m\000a\000g\000i\000n\000i\000i}{}% 6
\BOOKMARK [1][-]{subsection.3.0.1}{\376\377\000C\000o\000n\000e\000c\000t\000i\000v\000i\000t\000a\000t\000e\000a\000\040\000p\000i\000x\000e\000l\000i\000l\000o\000r}{chapter.3}% 7
\BOOKMARK [2][-]{subsection.3.0.2}{\376\377\000A\000n\000a\000l\000i\000z\000a\000\040\000p\000r\000o\000i\000e\000c\002\033\000i\000i\000l\000o\000r}{subsection.3.0.1}% 8
\BOOKMARK [2][-]{subsection.3.0.3}{\376\377\000U\000t\000i\000l\000i\000z\000a\000r\000e\000a\000\040\000i\000n\000f\000o\000r\000m\000a\002\033\000i\000i\000l\000o\000r\000\040\000a\000p\000r\000i\000o\000r\000i\000\040\000p\000r\000i\000v\000i\000n\000d\000\040\000a\000s\000p\000e\000c\000t\000u\000l\000\040\000c\000a\000r\000a\000c\000t\000e\000r\000e\000l\000o\000r}{subsection.3.0.1}% 9
\BOOKMARK [2][-]{subsection.3.0.4}{\376\377\000A\000n\000a\000l\000i\000z\000a\000\040\000c\000o\000n\000t\000u\000r\000u\000l\000u\000i\000\040\000c\000a\000r\000a\000c\000t\000e\000r\000e\000l\000o\000r}{subsection.3.0.1}% 10
\BOOKMARK [0][-]{chapter.4}{\376\377\000R\000e\000c\000u\000n\000o\000a\002\031\000t\000e\000r\000e\000a\000\040\000c\000a\000r\000a\000c\000t\000e\000r\000e\000l\000o\000r}{}% 11
\BOOKMARK [1][-]{section.4.1}{\376\377\000P\000o\000t\000r\000i\000v\000i\000r\000e\000\040\000d\000e\000\040\002\031\000a\000b\000l\000o\000a\000n\000e}{chapter.4}% 12
\BOOKMARK [1][-]{section.4.2}{\376\377\000C\000l\000a\000s\000i\000f\000i\000c\000a\000t\000o\000r\000i\000\040\000s\000t\000a\000t\000i\000s\000t\000i\000c\000i}{chapter.4}% 13
\BOOKMARK [2][-]{subsection.4.2.1}{\376\377\000M\000a\002\031\000i\000n\000i\000\040\000p\000e\000\040\000s\000u\000p\000o\000r\000t\000\040\000v\000e\000c\000t\000o\000r\000i\000a\000l}{section.4.2}% 14
\BOOKMARK [2][-]{subsection.4.2.2}{\376\377\000R\000e\002\033\000e\000l\000e\000\040\000n\000e\000u\000r\000o\000n\000a\000l\000e\000\040\000a\000r\000t\000i\000f\000i\000c\000i\000a\000l\000e}{section.4.2}% 15
\BOOKMARK [0][-]{chapter.5}{\376\377\000I\000m\000p\000l\000e\000m\000e\000n\000t\000a\000r\000e\000a\000\040\000s\000i\000s\000t\000e\000m\000u\000l\000u\000i\000\040\000I\000O\000R\000A}{}% 16
\BOOKMARK [1][-]{section.5.1}{\376\377\000A\000r\000h\000i\000t\000e\000c\000t\000u\000r\000a\000\040\000s\000i\000s\000t\000e\000m\000u\000l\000u\000i}{chapter.5}% 17
\BOOKMARK [2][-]{subsection.5.1.1}{\376\377\000D\000i\000a\000g\000r\000a\000m\000a\000\040\000d\000e\000\040\000c\000o\000m\000p\000o\000n\000e\000n\000t\000e}{section.5.1}% 18
\BOOKMARK [2][-]{subsection.5.1.2}{\376\377\000A\000c\000t\000o\000r\000i\000\040\002\031\000i\000\040\000c\000a\000z\000u\000r\000i\000\040\000d\000e\000\040\000u\000t\000i\000l\000i\000z\000a\000r\000e}{section.5.1}% 19
\BOOKMARK [2][-]{subsection.5.1.3}{\376\377\000D\000i\000a\000g\000r\000a\000m\000a\000\040\000d\000e\000\040\000c\000l\000a\000s\000e}{section.5.1}% 20
\BOOKMARK [2][-]{subsection.5.1.4}{\376\377\000D\000e\000c\000i\000z\000i\000i\000\040\000d\000e\000\040\000p\000r\000o\000i\000e\000c\000t\000a\000r\000e}{section.5.1}% 21
\BOOKMARK [1][-]{section.5.2}{\376\377\000T\000e\000h\000n\000o\000l\000o\000g\000i\000i}{chapter.5}% 22
\BOOKMARK [2][-]{subsection.5.2.1}{\376\377\000N\000u\000c\000l\000e\000u}{section.5.2}% 23
\BOOKMARK [2][-]{subsection.5.2.2}{\376\377\000N\000i\000v\000e\000l\000u\000l\000\040\000d\000e\000\040\000a\000p\000l\000i\000c\000a\002\033\000i\000e}{section.5.2}% 24
\BOOKMARK [1][-]{section.5.3}{\376\377\000D\000e\000t\000a\000l\000i\000i\000\040\000t\000e\000h\000n\000i\000c\000e}{chapter.5}% 25
\BOOKMARK [2][-]{subsection.5.3.1}{\376\377\000M\000o\000d\000u\000l\000u\000l\000\040\000d\000e\000\040\000i\000n\000t\000r\000a\000r\000e}{section.5.3}% 26
\BOOKMARK [2][-]{subsection.5.3.2}{\376\377\000F\000l\000u\000x\000u\000l\000\040\000d\000e\000\040\000p\000r\000o\000c\000e\000s\000a\000r\000e}{section.5.3}% 27
\BOOKMARK [2][-]{subsection.5.3.3}{\376\377\000N\000i\000v\000e\000l\000u\000l\000\040\000d\000e\000\040\000a\000p\000l\000i\000c\000a\002\033\000i\000e}{section.5.3}% 28
\BOOKMARK [0][-]{chapter.6}{\376\377\000M\000e\000t\000r\000i\000c\000i\000\040\002\031\000i\000\040\000e\000x\000p\000e\000r\000i\000m\000e\000n\000t\000e}{}% 29
\BOOKMARK [1][-]{section.6.1}{\376\377\000S\000e\000t\000u\000r\000i\000\040\000d\000e\000\040\000d\000a\000t\000e}{chapter.6}% 30
\BOOKMARK [2][-]{subsection.6.1.1}{\376\377\000S\000e\000t\000u\000l\000\040\000d\000e\000\040\000e\000v\000a\000l\000u\000a\000r\000e}{section.6.1}% 31
\BOOKMARK [2][-]{subsection.6.1.2}{\376\377\000S\000e\000t\000u\000l\000\040\000d\000e\000\040\000a\000n\000t\000r\000e\000n\000a\000r\000e\000\040\000a\000\040\000c\000l\000a\000s\000i\000f\000i\000c\000a\000t\000o\000r\000u\000l\000u\000i\000\040\000S\000V\000M}{section.6.1}% 32
\BOOKMARK [1][-]{section.6.2}{\376\377\000T\000e\000s\000t\000a\000r\000e\000\040\002\031\000i\000\040\000m\000e\000t\000r\000i\000c\000i}{chapter.6}% 33
\BOOKMARK [2][-]{subsection.6.2.1}{\376\377\000P\000e\000r\000f\000o\000r\000m\000a\000n\002\033\000a\000\040\000c\000o\000m\000p\000o\000n\000e\000n\000t\000e\000i\000\040\000d\000e\000\040\000r\000e\000c\000u\000n\000o\000a\002\031\000t\000e\000r\000e\000\040\000a\000\040\000c\000a\000r\000a\000c\000t\000e\000r\000e\000l\000o\000r}{section.6.2}% 34
\BOOKMARK [2][-]{subsection.6.2.2}{\376\377\000P\000e\000r\000f\000o\000r\000m\000a\000n\002\033\000a\000\040\000\356\000n\000t\000r\000e\000g\000u\000l\000u\000i\000\040\000s\000i\000s\000t\000e\000m}{section.6.2}% 35
\BOOKMARK [1][-]{section.6.3}{\376\377\000E\000x\000p\000e\000r\000i\000m\000e\000n\000t\000e}{chapter.6}% 36
\BOOKMARK [2][-]{subsection.6.3.1}{\376\377\000C\000o\000m\000p\000a\000r\000a\002\033\000i\000a\000\040\000a\000b\000o\000r\000d\001\003\000r\000i\000l\000o\000r\000\040\000d\000e\000\040\000l\000o\000c\000a\000l\000i\000z\000a\000r\000e}{section.6.3}% 37
\BOOKMARK [2][-]{subsection.6.3.2}{\376\377\000C\000o\000m\000p\000a\000r\000a\002\033\000i\000a\000\040\000a\000b\000o\000r\000d\001\003\000r\000i\000l\000o\000r\000\040\000d\000e\000\040\000s\000e\000g\000m\000e\000n\000t\000a\000r\000e}{section.6.3}% 38
\BOOKMARK [2][-]{subsection.6.3.3}{\376\377\000\316\000m\000b\000u\000n\001\003\000t\001\003\002\033\000i\000r\000i\000\040\000p\000r\000o\000g\000r\000e\000s\000i\000v\000e\000\040\000a\000l\000e\000\040\000f\000l\000u\000x\000u\000l\000u\000i\000\040\000d\000e\000\040\000r\000e\000c\000u\000n\000o\000a\002\031\000t\000e\000r\000e}{section.6.3}% 39
\BOOKMARK [0][-]{chapter.7}{\376\377\000C\000o\000n\000c\000l\000u\000z\000i\000i\000\040\002\031\000i\000\040\000p\000e\000r\000s\000p\000e\000c\000t\000i\000v\000e\000\040\000d\000e\000\040\000v\000i\000i\000t\000o\000r}{}% 40
\BOOKMARK [1][-]{section.7.1}{\376\377\000C\000o\000n\000c\000l\000u\000z\000i\000i}{chapter.7}% 41
\BOOKMARK [1][-]{section.7.2}{\376\377\000P\000e\000r\000s\000p\000e\000c\000t\000i\000v\000e\000\040\000d\000e\000\040\000v\000i\000i\000t\000o\000r}{chapter.7}% 42
\BOOKMARK [0][-]{chapter*.65}{\376\377\000B\000i\000b\000l\000i\000o\000g\000r\000a\000f\000i\000e}{}% 43
